<?xml version="1.0" encoding="UTF-8"?>
<!-- Generated by org.testng.reporters.JUnitXMLReporter -->
<testsuite ignored="1" hostname="Nabeels-MacBook-Pro.local" failures="0" tests="1" name="Default test" time="0.06" errors="0" timestamp="2023-02-18T02:24:28 EST">
  <testcase classname="unittest.UnitTest" name="system_getpropertyTest" time="0.011"/>
  <testcase classname="unittest.UnitTest" name="unitTestHomeData" time="0.0">
    <ignored/>
  </testcase> <!-- unitTestHomeData -->
</testsuite> <!-- Default test -->
