<?xml version="1.0" encoding="UTF-8"?>
<!-- Generated by org.testng.reporters.JUnitXMLReporter -->
<testsuite ignored="4" hostname="Nabeels-MBP.lan" failures="0" tests="0" time="0.01" errors="0" timestamp="2023-02-17T12:46:06 EST">
  <testcase classname="automationTest.AutomationTesting" name="pretest2" time="0.0">
    <ignored/>
  </testcase> <!-- pretest2 -->
  <testcase classname="findAagent.FindAnAgent" name="findAnAgent" time="0.0">
    <ignored/>
  </testcase> <!-- findAnAgent -->
  <testcase classname="automationTest.AutomationTesting" name="landingpageTest" time="0.0">
    <ignored/>
  </testcase> <!-- landingpageTest -->
  <testcase classname="automationTest.AutomationTesting" name="pretest1" time="0.0">
    <ignored/>
  </testcase> <!-- pretest1 -->
</testsuite>
