<?xml version="1.0" encoding="UTF-8"?>
<testng-results ignored="1" total="2" passed="1" failed="0" skipped="0">
  <reporter-output>
  </reporter-output>
  <suite started-at="2023-02-18T02:24:28 EST" name="Default suite" finished-at="2023-02-18T02:24:28 EST" duration-ms="60">
    <groups>
    </groups>
    <test started-at="2023-02-18T02:24:28 EST" name="Default test" finished-at="2023-02-18T02:24:28 EST" duration-ms="60">
      <class name="unittest.UnitTest">
        <test-method signature="system_getpropertyTest()[pri:0, instance:unittest.UnitTest@32b260fa]" started-at="2023-02-18T02:24:28 EST" name="system_getpropertyTest" finished-at="2023-02-18T02:24:28 EST" duration-ms="11" status="PASS">
          <reporter-output>
          </reporter-output>
        </test-method> <!-- system_getpropertyTest -->
      </class> <!-- unittest.UnitTest -->
    </test> <!-- Default test -->
  </suite> <!-- Default suite -->
</testng-results>
